19:08:58,688 root INFO Starting experiment...
19:08:58,688 root INFO Loading GEMLER data...
19:09:07,186 root INFO GEMLER was loaded.
19:09:07,187 root INFO Running GridSearch for GEMLER...
19:10:53,934 root INFO GEMLER GridSearch done for KMeans.
19:12:38,518 root INFO GEMLER GridSearch done for KMedoids.
19:16:01,536 root INFO GEMLER GridSearch done for AgglomerativeClustering.
19:38:37,624 root INFO GEMLER GridSearch done for Birch.
19:39:08,69 root INFO GEMLER GridSearch done for DBSCAN.
19:40:00,260 root INFO GEMLER GridSearch done for OPTICS.
19:41:24,959 root INFO GEMLER GridSearch done for GaussianMixture.
19:42:25,578 root CRITICAL 
All the 960 fits failed.
It is very likely that your model is misconfigured.
You can try to debug the error by setting error_score='raise'.

Below are more details about the failures:
--------------------------------------------------------------------------------
480 fits failed with the following error:
Traceback (most recent call last):
  File "/home/michal/miniconda3/envs/clustering-genomic/lib/python3.9/site-packages/sklearn/model_selection/_validation.py", line 686, in _fit_and_score
    estimator.fit(X_train, y_train, **fit_params)
  File "/home/michal/miniconda3/envs/clustering-genomic/lib/python3.9/site-packages/sklearn/pipeline.py", line 405, in fit
    self._final_estimator.fit(Xt, y, **fit_params_last_step)
  File "/home/michal/miniconda3/envs/clustering-genomic/lib/python3.9/site-packages/somlearn/som.py", line 242, in fit
    self.algorithm_.train(data=X, **fit_params)
  File "/home/michal/miniconda3/envs/clustering-genomic/lib/python3.9/site-packages/somoclu-1.7.5-py3.9-linux-x86_64.egg/somoclu/train.py", line 220, in train
    wrap_train(np.ravel(self._data), epochs, self._n_columns, self._n_rows,
TypeError: in method 'train', argument 5 of type 'unsigned int'

--------------------------------------------------------------------------------
480 fits failed with the following error:
Traceback (most recent call last):
  File "/home/michal/miniconda3/envs/clustering-genomic/lib/python3.9/site-packages/sklearn/model_selection/_validation.py", line 686, in _fit_and_score
    estimator.fit(X_train, y_train, **fit_params)
  File "/home/michal/miniconda3/envs/clustering-genomic/lib/python3.9/site-packages/sklearn/pipeline.py", line 405, in fit
    self._final_estimator.fit(Xt, y, **fit_params_last_step)
  File "/home/michal/miniconda3/envs/clustering-genomic/lib/python3.9/site-packages/somlearn/som.py", line 242, in fit
    self.algorithm_.train(data=X, **fit_params)
  File "/home/michal/miniconda3/envs/clustering-genomic/lib/python3.9/site-packages/somoclu-1.7.5-py3.9-linux-x86_64.egg/somoclu/train.py", line 220, in train
    wrap_train(np.ravel(self._data), epochs, self._n_columns, self._n_rows,
TypeError: in method 'train', argument 4 of type 'unsigned int'
Traceback (most recent call last):
  File "/home/michal/clustering-genomic-data/experiment/run_experiment.py", line 126, in main
    grid_search.fit(data, ground_truth_encoded)
  File "/home/michal/miniconda3/envs/clustering-genomic/lib/python3.9/site-packages/sklearn/model_selection/_search.py", line 874, in fit
    self._run_search(evaluate_candidates)
  File "/home/michal/miniconda3/envs/clustering-genomic/lib/python3.9/site-packages/sklearn/model_selection/_search.py", line 1388, in _run_search
    evaluate_candidates(ParameterGrid(self.param_grid))
  File "/home/michal/miniconda3/envs/clustering-genomic/lib/python3.9/site-packages/sklearn/model_selection/_search.py", line 851, in evaluate_candidates
    _warn_or_raise_about_fit_failures(out, self.error_score)
  File "/home/michal/miniconda3/envs/clustering-genomic/lib/python3.9/site-packages/sklearn/model_selection/_validation.py", line 367, in _warn_or_raise_about_fit_failures
    raise ValueError(all_fits_failed_message)
ValueError: 
All the 960 fits failed.
It is very likely that your model is misconfigured.
You can try to debug the error by setting error_score='raise'.

Below are more details about the failures:
--------------------------------------------------------------------------------
480 fits failed with the following error:
Traceback (most recent call last):
  File "/home/michal/miniconda3/envs/clustering-genomic/lib/python3.9/site-packages/sklearn/model_selection/_validation.py", line 686, in _fit_and_score
    estimator.fit(X_train, y_train, **fit_params)
  File "/home/michal/miniconda3/envs/clustering-genomic/lib/python3.9/site-packages/sklearn/pipeline.py", line 405, in fit
    self._final_estimator.fit(Xt, y, **fit_params_last_step)
  File "/home/michal/miniconda3/envs/clustering-genomic/lib/python3.9/site-packages/somlearn/som.py", line 242, in fit
    self.algorithm_.train(data=X, **fit_params)
  File "/home/michal/miniconda3/envs/clustering-genomic/lib/python3.9/site-packages/somoclu-1.7.5-py3.9-linux-x86_64.egg/somoclu/train.py", line 220, in train
    wrap_train(np.ravel(self._data), epochs, self._n_columns, self._n_rows,
TypeError: in method 'train', argument 5 of type 'unsigned int'

--------------------------------------------------------------------------------
480 fits failed with the following error:
Traceback (most recent call last):
  File "/home/michal/miniconda3/envs/clustering-genomic/lib/python3.9/site-packages/sklearn/model_selection/_validation.py", line 686, in _fit_and_score
    estimator.fit(X_train, y_train, **fit_params)
  File "/home/michal/miniconda3/envs/clustering-genomic/lib/python3.9/site-packages/sklearn/pipeline.py", line 405, in fit
    self._final_estimator.fit(Xt, y, **fit_params_last_step)
  File "/home/michal/miniconda3/envs/clustering-genomic/lib/python3.9/site-packages/somlearn/som.py", line 242, in fit
    self.algorithm_.train(data=X, **fit_params)
  File "/home/michal/miniconda3/envs/clustering-genomic/lib/python3.9/site-packages/somoclu-1.7.5-py3.9-linux-x86_64.egg/somoclu/train.py", line 220, in train
    wrap_train(np.ravel(self._data), epochs, self._n_columns, self._n_rows,
TypeError: in method 'train', argument 4 of type 'unsigned int'

19:42:25,578 root INFO GEMLER GridSearch failed for SOM. Skipping...
19:49:04,773 root INFO GEMLER GridSearch done for AffinityPropagation.
20:18:20,607 root INFO GEMLER GridSearch done for SpectralClustering.
20:18:20,607 root INFO GEMLER GridSearch results saved to csv.
20:18:20,607 root INFO Loading METABRIC data...
20:18:25,332 root INFO METABRIC was loaded.
20:18:25,332 root INFO Running GridSearch for METABRIC...
20:49:36,226 root INFO METABRIC GridSearch done for KMeans.
21:01:30,74 root INFO METABRIC GridSearch done for KMedoids.
